{
  "RSpec": {
    "coverage": {
      "/Users/sandy.cook/RubymineProjects/e-mporium/config/environment.rb": [
        null,
        1,
        null,
        null,
        1
      ],
      "/Users/sandy.cook/RubymineProjects/e-mporium/config/application.rb": [
        1,
        null,
        1,
        null,
        null,
        null,
        1,
        null,
        1,
        1,
        null,
        1,
        1,
        null,
        null,
        null,
        null,
        null,
        null,
        1,
        null,
        null,
        null,
        null,
        null,
        null,
        null,
        null,
        null,
        null,
        null,
        null,
        null,
        null,
        null
      ],
      "/Users/sandy.cook/RubymineProjects/e-mporium/config/boot.rb": [
        null,
        1,
        null,
        1
      ],
      "/Users/sandy.cook/RubymineProjects/e-mporium/config/environments/test.rb": [
        1,
        null,
        null,
        null,
        null,
        1,
        1,
        1,
        null,
        null,
        null,
        null,
        1,
        null,
        null,
        null,
        null,
        null,
        1,
        null,
        null,
        null,
        null,
        1,
        null,
        null,
        1,
        1,
        null,
        null,
        1,
        1,
        null,
        null,
        1,
        null,
        null,
        1,
        null,
        null,
        null,
        null,
        1,
        null,
        null,
        1,
        null
      ],
      "/Users/sandy.cook/RubymineProjects/e-mporium/config/initializers/backtrace_silencers.rb": [
        null,
        null,
        null,
        null,
        null,
        null,
        null
      ],
      "/Users/sandy.cook/RubymineProjects/e-mporium/config/initializers/filter_parameter_logging.rb": [
        null,
        null,
        null,
        1
      ],
      "/Users/sandy.cook/RubymineProjects/e-mporium/config/initializers/inflections.rb": [
        null,
        null,
        null,
        null,
        null,
        null,
        null,
        null,
        null,
        null,
        null,
        null,
        null,
        null,
        null,
        null
      ],
      "/Users/sandy.cook/RubymineProjects/e-mporium/config/initializers/mime_types.rb": [
        null,
        null,
        null,
        null,
        null
      ],
      "/Users/sandy.cook/RubymineProjects/e-mporium/config/initializers/secret_token.rb": [
        null,
        null,
        null,
        null,
        null,
        null,
        null,
        null,
        null,
        null,
        null,
        1
      ],
      "/Users/sandy.cook/RubymineProjects/e-mporium/config/initializers/session_store.rb": [
        null,
        null,
        1
      ],
      "/Users/sandy.cook/RubymineProjects/e-mporium/config/initializers/simple_form.rb": [
        null,
        1,
        null,
        null,
        null,
        null,
        null,
        1,
        null,
        null,
        null,
        null,
        null,
        null,
        null,
        null,
        null,
        1,
        null,
        null,
        null,
        1,
        null,
        null,
        null,
        null,
        null,
        null,
        null,
        null,
        1,
        null,
        null,
        1,
        null,
        null,
        1,
        null,
        null,
        1,
        null,
        null,
        1,
        1,
        1,
        null,
        null,
        null,
        null,
        null,
        null,
        null,
        null,
        null,
        1,
        null,
        null,
        null,
        null,
        null,
        1,
        null,
        null,
        1,
        null,
        null,
        null,
        null,
        null,
        null,
        null,
        1,
        null,
        null,
        1,
        null,
        null,
        null,
        null,
        null,
        null,
        null,
        null,
        null,
        null,
        null,
        null,
        null,
        null,
        null,
        null,
        null,
        null,
        null,
        null,
        null,
        null,
        null,
        null,
        null,
        null,
        null,
        null,
        null,
        null,
        null,
        null,
        null,
        null,
        null,
        null,
        null,
        null,
        null,
        null,
        null,
        null,
        null,
        null,
        1,
        null,
        null,
        null,
        null,
        null,
        null,
        null,
        null,
        null,
        null,
        null,
        null,
        null,
        null,
        null,
        null,
        null,
        null,
        null,
        null,
        null,
        null,
        null,
        null,
        null,
        null,
        null,
        null,
        null,
        null,
        null,
        null,
        1,
        null,
        null,
        null,
        null,
        null,
        null,
        null,
        null
      ],
      "/Users/sandy.cook/RubymineProjects/e-mporium/config/initializers/simple_form_bootstrap.rb": [
        null,
        1,
        1,
        1,
        1,
        null,
        1,
        1,
        1,
        1,
        null,
        1,
        1,
        1,
        1,
        null,
        null,
        null,
        1,
        1,
        1,
        1,
        null,
        1,
        1,
        1,
        1,
        null,
        null,
        null,
        1,
        1,
        1,
        null,
        1,
        1,
        null,
        null,
        1,
        1,
        null,
        null,
        1,
        1,
        1,
        1,
        1,
        1,
        null,
        null,
        1,
        1,
        1,
        1,
        null,
        1,
        1,
        1,
        1,
        null,
        null,
        null,
        1,
        1,
        1,
        1,
        null,
        1,
        1,
        1,
        1,
        null,
        null,
        null,
        1,
        1,
        1,
        null,
        1,
        1,
        1,
        null,
        null,
        1,
        1,
        null,
        null,
        null,
        1,
        1,
        1,
        null,
        1,
        null,
        1,
        1,
        1,
        1,
        null,
        null,
        null,
        null,
        null,
        null,
        null,
        1,
        null
      ],
      "/Users/sandy.cook/RubymineProjects/e-mporium/config/initializers/wrap_parameters.rb": [
        null,
        null,
        null,
        null,
        null,
        null,
        1,
        1,
        null,
        null,
        null,
        null,
        null,
        null
      ],
      "/Users/sandy.cook/RubymineProjects/e-mporium/config/routes.rb": [
        1,
        null,
        1,
        null,
        1,
        1,
        1,
        null,
        null,
        1,
        1,
        1,
        1,
        1,
        1,
        null,
        null,
        null,
        1,
        1,
        1,
        null,
        1,
        null,
        null,
        null,
        null,
        null,
        null,
        null,
        null,
        null,
        null,
        null,
        null,
        null,
        null,
        null,
        null,
        null,
        null,
        null,
        null,
        null,
        null,
        null,
        null,
        null,
        null,
        null,
        null,
        null,
        null,
        null,
        null,
        null,
        null,
        null,
        null,
        null,
        null,
        null,
        null,
        null,
        null,
        null,
        null,
        null,
        null,
        null,
        null,
        null,
        null,
        null,
        null,
        null,
        null,
        null,
        null,
        null
      ],
      "/Users/sandy.cook/RubymineProjects/e-mporium/app/helpers/application_helper.rb": [
        1,
        null,
        1,
        0,
        0,
        0,
        0,
        0,
        null,
        null,
        null,
        null
      ],
      "/Users/sandy.cook/RubymineProjects/e-mporium/app/helpers/categories_helper.rb": [
        1,
        null
      ],
      "/Users/sandy.cook/RubymineProjects/e-mporium/app/helpers/pages_helper.rb": [
        1,
        null
      ],
      "/Users/sandy.cook/RubymineProjects/e-mporium/app/helpers/products_helper.rb": [
        1,
        null,
        null,
        null,
        null
      ],
      "/Users/sandy.cook/RubymineProjects/e-mporium/app/helpers/session_helper.rb": [
        1,
        null
      ],
      "/Users/sandy.cook/RubymineProjects/e-mporium/app/helpers/store_helper.rb": [
        1,
        null
      ],
      "/Users/sandy.cook/RubymineProjects/e-mporium/app/helpers/users_helper.rb": [
        1,
        null
      ],
      "/Users/sandy.cook/RubymineProjects/e-mporium/app/controllers/application_controller.rb": [
        1,
        null,
        null,
        1,
        null,
        1,
        1,
        1,
        null,
        1,
        null,
        1,
        null,
        63,
        1,
        1,
        null,
        null,
        null,
        1,
        125,
        null,
        null,
        1,
        115,
        null,
        null,
        null
      ],
      "/Users/sandy.cook/RubymineProjects/e-mporium/app/controllers/carts_controller.rb": [
        1,
        null,
        1,
        null,
        null,
        1,
        7,
        7,
        7,
        null,
        null,
        1,
        10,
        7,
        7,
        7,
        7,
        null,
        3,
        3,
        3,
        null,
        null,
        null,
        1,
        7,
        357,
        null,
        7,
        null,
        null,
        1,
        10,
        10,
        10,
        10,
        null,
        null,
        1,
        null,
        null,
        null,
        1,
        2,
        2,
        2,
        null,
        null,
        null
      ],
      "/Users/sandy.cook/RubymineProjects/e-mporium/app/controllers/admin/categories_controller.rb": [
        1,
        null,
        1,
        null,
        1,
        8,
        null,
        null,
        1,
        4,
        4,
        3,
        null,
        1,
        1,
        null,
        null,
        null,
        1,
        8,
        null,
        null,
        1,
        17,
        null,
        null,
        1,
        3,
        null,
        null,
        1,
        2,
        null,
        2,
        1,
        null,
        1,
        1,
        null,
        null,
        null,
        1,
        3,
        3,
        3,
        null,
        3,
        null,
        null,
        1,
        1,
        6,
        null,
        null,
        null
      ],
      "/Users/sandy.cook/RubymineProjects/e-mporium/app/controllers/category_list_controller.rb": [
        1,
        null,
        1,
        null,
        1,
        null,
        10,
        10,
        null,
        10,
        null,
        10,
        null,
        null,
        null,
        null,
        null,
        null,
        null,
        null,
        null
      ],
      "/Users/sandy.cook/RubymineProjects/e-mporium/app/controllers/admin/images_controller.rb": [
        1,
        null,
        null,
        1,
        0,
        null,
        null,
        null,
        1,
        1,
        1,
        1,
        null,
        1,
        null,
        null,
        null,
        1,
        0,
        null,
        null,
        null,
        1,
        null,
        1,
        0,
        null,
        null
      ],
      "/Users/sandy.cook/RubymineProjects/e-mporium/app/controllers/product_information_controller.rb": [
        1,
        null,
        1,
        null,
        1,
        3,
        null,
        3,
        3,
        3,
        null,
        null,
        null
      ],
      "/Users/sandy.cook/RubymineProjects/e-mporium/app/controllers/admin/products_controller.rb": [
        1,
        null,
        1,
        null,
        1,
        16,
        null,
        null,
        1,
        1,
        6,
        null,
        null,
        1,
        3,
        3,
        2,
        null,
        1,
        1,
        null,
        null,
        null,
        1,
        1,
        1,
        1,
        null,
        null,
        1,
        1,
        null,
        null,
        1,
        4,
        null,
        4,
        4,
        24,
        null,
        null,
        1,
        3,
        null,
        null,
        3,
        16,
        null,
        3,
        0,
        0,
        null,
        null,
        3,
        2,
        null,
        1,
        1,
        null,
        null,
        null,
        null,
        1,
        null,
        1,
        6,
        null,
        null,
        1,
        11,
        null,
        null,
        null
      ],
      "/Users/sandy.cook/RubymineProjects/e-mporium/app/controllers/store_controller.rb": [
        1,
        null,
        1,
        null,
        1,
        8,
        8,
        null,
        null,
        null
      ],
      "/Users/sandy.cook/RubymineProjects/e-mporium/app/controllers/admin/users_controller.rb": [
        1,
        null,
        1,
        1,
        null,
        1,
        4,
        null,
        null,
        1,
        4,
        4,
        null,
        null,
        1,
        9,
        null,
        null,
        1,
        2,
        2,
        1,
        null,
        1,
        1,
        null,
        null,
        null,
        1,
        2,
        2,
        null,
        null,
        1,
        1,
        null,
        1,
        1,
        null,
        0,
        0,
        0,
        null,
        null,
        null,
        1,
        2,
        2,
        2,
        null,
        null,
        1,
        1,
        3,
        null,
        null
      ],
      "/Users/sandy.cook/RubymineProjects/e-mporium/app/models/cart_line_item.rb": [
        1,
        1,
        null,
        1,
        1,
        null
      ],
      "/Users/sandy.cook/RubymineProjects/e-mporium/app/models/cart.rb": [
        1,
        1,
        null,
        null,
        1,
        1,
        null,
        1,
        0,
        null,
        null,
        null,
        1,
        0,
        0,
        0,
        0,
        0,
        0,
        0,
        null,
        null,
        null,
        null
      ],
      "/Users/sandy.cook/RubymineProjects/e-mporium/app/models/category.rb": [
        1,
        1,
        null,
        null,
        1,
        null
      ],
      "/Users/sandy.cook/RubymineProjects/e-mporium/app/models/image.rb": [
        1,
        1,
        null,
        1,
        null,
        null,
        null,
        null,
        null,
        null,
        null,
        null,
        null,
        null,
        null,
        null,
        null,
        null,
        null,
        null,
        1,
        null,
        null,
        null
      ],
      "/Users/sandy.cook/RubymineProjects/e-mporium/app/models/order.rb": [
        1,
        null,
        1,
        null,
        null
      ],
      "/Users/sandy.cook/RubymineProjects/e-mporium/app/models/product.rb": [
        1,
        null,
        1,
        null,
        null,
        1,
        null,
        1,
        1,
        null,
        null
      ],
      "/Users/sandy.cook/RubymineProjects/e-mporium/app/models/user.rb": [
        1,
        null,
        1,
        null,
        1,
        1,
        null,
        1,
        1,
        null,
        null,
        1,
        15,
        null,
        null,
        null,
        1,
        null,
        null
      ],
      "/Users/sandy.cook/RubymineProjects/e-mporium/db/seeds.rb": [
        null,
        null,
        null,
        null,
        null,
        null,
        null,
        null
      ],
      "/Users/sandy.cook/RubymineProjects/e-mporium/app/controllers/sessions_controller.rb": [
        1,
        null,
        null,
        1,
        null,
        1,
        null,
        null,
        1,
        0,
        null,
        null,
        1,
        2,
        null,
        2,
        0,
        0,
        2,
        1,
        1,
        1,
        null,
        1,
        1,
        null,
        null,
        null,
        1,
        1,
        1,
        null,
        null
      ]
    },
    "timestamp": 1428639917
  }
}
